<?xml version="1.0" encoding="UTF-8"?>
<testsuite name="HelloWorldTest" tests="1" skipped="0" failures="0" errors="0" timestamp="2017-10-06T10:07:11" hostname="nokia-2210" time="0.137">
  <properties/>
  <testcase name="greetingShouldBeHelloWorld" classname="HelloWorldTest" time="0.137"/>
  <system-out><![CDATA[]]></system-out>
  <system-err><![CDATA[]]></system-err>
</testsuite>
